<?xml version="1.0" encoding="UTF-8"?>
<!-- Generated by org.testng.reporters.JUnitXMLReporter -->
<testsuite ignored="0" hostname="DESKTOP-T7LPE4F" failures="0" tests="6" name="Test" time="144.33" errors="0" timestamp="2023-07-06T09:08:26 SAST">
  <testcase classname="Reporting.TestCase" name="TestCase1" time="6.86"/>
  <testcase classname="Reporting.TestCase" name="TestCase2" time="12.143"/>
  <testcase classname="Reporting.TestCase" name="TestCase3" time="18.641"/>
  <testcase classname="Reporting.TestCase" name="TestCase4" time="19.466"/>
  <testcase classname="Reporting.TestCase" name="TestCase5" time="13.574"/>
  <testcase classname="Reporting.TestCase" name="TestCase6" time="64.101"/>
</testsuite> <!-- Test -->
