<?xml version="1.0" encoding="UTF-8"?>
<testng-results ignored="0" total="0" passed="0" failed="0" skipped="0">
  <reporter-output>
  </reporter-output>
  <suite started-at="2023-07-06T14:03:11 SAST" name="Suite" finished-at="2023-07-06T14:03:11 SAST" duration-ms="0">
    <groups>
      <group name="TS-003">
        <method signature="TestCase.TestCase5(java.lang.String)[pri:0, instance:Reporting.TestCase@3abada5a]" name="TestCase5" class="Reporting.TestCase"/>
        <method signature="TestCase.TestCase5(java.lang.String)[pri:0, instance:Reporting.TestCase@4b40f651]" name="TestCase5" class="Reporting.TestCase"/>
      </group> <!-- TS-003 -->
      <group name="TS-002">
        <method signature="TestCase.TestCase4()[pri:0, instance:Reporting.TestCase@3abada5a]" name="TestCase4" class="Reporting.TestCase"/>
        <method signature="TestCase.TestCase4()[pri:0, instance:Reporting.TestCase@4b40f651]" name="TestCase4" class="Reporting.TestCase"/>
      </group> <!-- TS-002 -->
      <group name="TS-004">
        <method signature="TestCase.TestCase6(java.lang.String)[pri:0, instance:Reporting.TestCase@3abada5a]" name="TestCase6" class="Reporting.TestCase"/>
        <method signature="TestCase.TestCase6(java.lang.String)[pri:0, instance:Reporting.TestCase@4b40f651]" name="TestCase6" class="Reporting.TestCase"/>
      </group> <!-- TS-004 -->
      <group name="TS-001">
        <method signature="TestCase.TestCase1()[pri:0, instance:Reporting.TestCase@3abada5a]" name="TestCase1" class="Reporting.TestCase"/>
        <method signature="TestCase.TestCase2()[pri:0, instance:Reporting.TestCase@3abada5a]" name="TestCase2" class="Reporting.TestCase"/>
        <method signature="TestCase.TestCase3()[pri:0, instance:Reporting.TestCase@3abada5a]" name="TestCase3" class="Reporting.TestCase"/>
        <method signature="TestCase.TestCase1()[pri:0, instance:Reporting.TestCase@4b40f651]" name="TestCase1" class="Reporting.TestCase"/>
        <method signature="TestCase.TestCase2()[pri:0, instance:Reporting.TestCase@4b40f651]" name="TestCase2" class="Reporting.TestCase"/>
        <method signature="TestCase.TestCase3()[pri:0, instance:Reporting.TestCase@4b40f651]" name="TestCase3" class="Reporting.TestCase"/>
      </group> <!-- TS-001 -->
    </groups>
  </suite> <!-- Suite -->
</testng-results>
