<?xml version="1.0" encoding="UTF-8"?>
<testng-results ignored="4" total="6" passed="2" failed="0" skipped="0">
  <reporter-output>
  </reporter-output>
  <suite started-at="2023-07-05T16:58:56 SAST" name="Suite" finished-at="2023-07-05T16:59:45 SAST" duration-ms="49430">
    <groups>
      <group name="TS-003">
        <method signature="TestCase.TestCase5(java.lang.String)[pri:0, instance:Reporting.TestCase@3b96c42e]" name="TestCase5" class="Reporting.TestCase"/>
      </group> <!-- TS-003 -->
      <group name="TS-004">
        <method signature="TestCase.TestCase6(java.lang.String)[pri:0, instance:Reporting.TestCase@3b96c42e]" name="TestCase6" class="Reporting.TestCase"/>
      </group> <!-- TS-004 -->
    </groups>
    <test started-at="2023-07-05T16:58:56 SAST" name="Test" finished-at="2023-07-05T16:59:45 SAST" duration-ms="49430">
      <class name="Reporting.TestCase">
        <test-method is-config="true" signature="initializeDriver(java.lang.String,java.lang.String)[pri:0, instance:Reporting.TestCase@3b96c42e]" started-at="2023-07-05T16:58:56 SAST" name="initializeDriver" finished-at="2023-07-05T16:59:03 SAST" duration-ms="7149" status="PASS">
          <params>
            <param index="0">
              <value>
                <![CDATA[firefox]]>
              </value>
            </param>
            <param index="1">
              <value>
                <![CDATA[https://magento.softwaretestingboard.com]]>
              </value>
            </param>
          </params>
          <reporter-output>
          </reporter-output>
        </test-method> <!-- initializeDriver -->
        <test-method signature="TestCase5(java.lang.String)[pri:0, instance:Reporting.TestCase@3b96c42e]" started-at="2023-07-05T16:59:03 SAST" name="TestCase5" finished-at="2023-07-05T16:59:21 SAST" duration-ms="18121" status="PASS">
          <params>
            <param index="0">
              <value>
                <![CDATA[TC-005]]>
              </value>
            </param>
          </params>
          <reporter-output>
          </reporter-output>
        </test-method> <!-- TestCase5 -->
        <test-method signature="TestCase6(java.lang.String)[pri:0, instance:Reporting.TestCase@3b96c42e]" started-at="2023-07-05T16:59:21 SAST" name="TestCase6" finished-at="2023-07-05T16:59:42 SAST" duration-ms="21017" status="PASS">
          <params>
            <param index="0">
              <value>
                <![CDATA[TC-006]]>
              </value>
            </param>
          </params>
          <reporter-output>
          </reporter-output>
        </test-method> <!-- TestCase6 -->
        <test-method is-config="true" signature="teardown()[pri:0, instance:Reporting.TestCase@3b96c42e]" started-at="2023-07-05T16:59:42 SAST" name="teardown" finished-at="2023-07-05T16:59:45 SAST" duration-ms="3115" status="PASS">
          <reporter-output>
          </reporter-output>
        </test-method> <!-- teardown -->
      </class> <!-- Reporting.TestCase -->
    </test> <!-- Test -->
  </suite> <!-- Suite -->
</testng-results>
